<?xml version='1.0' encoding='UTF-8'?>
<testsuite hostname="rafael-acioly" name="GradeSchoolTest" tests="7" errors="0" failures="0" skipped="0" time="0.018" timestamp="2020-10-23T10:41:04">
                     <properties>
      <property name="awt.toolkit" value="sun.awt.X11.XToolkit"/><property name="java.specification.version" value="11"/><property name="sun.cpu.isalist" value=""/><property name="sun.jnu.encoding" value="UTF-8"/><property name="sun.arch.data.model" value="64"/><property name="java.vendor.url" value="https://ubuntu.com/"/><property name="sun.boot.library.path" value="/usr/lib/jvm/java-11-openjdk-amd64/lib"/><property name="sun.java.command" value="/usr/share/sbt/bin/sbt-launch.jar test"/><property name="jdk.debug" value="release"/><property name="java.specification.vendor" value="Oracle Corporation"/><property name="java.version.date" value="2020-07-14"/><property name="java.home" value="/usr/lib/jvm/java-11-openjdk-amd64"/><property name="file.separator" value="/"/><property name="java.vm.compressedOopsMode" value="32-bit"/><property name="line.separator" value="
"/><property name="java.specification.name" value="Java Platform API Specification"/><property name="java.vm.specification.vendor" value="Oracle Corporation"/><property name="sun.management.compiler" value="HotSpot 64-Bit Tiered Compilers"/><property name="java.runtime.version" value="11.0.8+10-post-Ubuntu-0ubuntu120.04"/><property name="user.name" value="rafaelacioly"/><property name="log4j.ignoreTCL" value="true"/><property name="file.encoding" value="UTF-8"/><property name="jnidispatch.path" value="/home/rafaelacioly/.cache/JNA/temp/jna4491200894377030887.tmp"/><property name="jna.loaded" value="true"/><property name="java.io.tmpdir" value="/tmp"/><property name="java.version" value="11.0.8"/><property name="java.vm.specification.name" value="Java Virtual Machine Specification"/><property name="java.awt.printerjob" value="sun.print.PSPrinterJob"/><property name="sun.os.patch.level" value="unknown"/><property name="java.library.path" value="/usr/java/packages/lib:/usr/lib/x86_64-linux-gnu/jni:/lib/x86_64-linux-gnu:/usr/lib/x86_64-linux-gnu:/usr/lib/jni:/lib:/usr/lib"/><property name="java.vendor" value="Ubuntu"/><property name="scala.ext.dirs" value="/home/rafaelacioly/.sbt/0.13/java9-rt-ext-ubuntu_11_0_8"/><property name="sun.io.unicode.encoding" value="UnicodeLittle"/><property name="sun.desktop" value="gnome"/><property name="java.class.path" value="/usr/share/sbt/bin/sbt-launch.jar"/><property name="java.vm.vendor" value="Ubuntu"/><property name="jline.shutdownhook" value="false"/><property name="user.timezone" value="America/Sao_Paulo"/><property name="os.name" value="Linux"/><property name="java.vm.specification.version" value="11"/><property name="sun.java.launcher" value="SUN_STANDARD"/><property name="user.country" value="BR"/><property name="sun.cpu.endian" value="little"/><property name="user.home" value="/home/rafaelacioly"/><property name="user.language" value="pt"/><property name="swoval.tmpdir" value="/home/rafaelacioly/.sbt/1.0"/><property name="java.awt.graphicsenv" value="sun.awt.X11GraphicsEnvironment"/><property name="jline.esc.timeout" value="0"/><property name="path.separator" value=":"/><property name="os.version" value="5.4.0-52-generic"/><property name="jna.nosys" value="true"/><property name="java.runtime.name" value="OpenJDK Runtime Environment"/><property name="java.vm.name" value="OpenJDK 64-Bit Server VM"/><property name="jna.platform.library.path" value="/usr/lib/x86_64-linux-gnu:/lib/x86_64-linux-gnu:/usr/lib64:/lib64:/usr/lib:/lib:/usr/lib/x86_64-linux-gnu/libfakeroot"/><property name="java.vendor.url.bug" value="https://bugs.launchpad.net/ubuntu/+source/openjdk-lts"/><property name="user.dir" value="/home/rafaelacioly/exercism/scala/grade-school"/><property name="os.arch" value="amd64"/><property name="java.vm.info" value="mixed mode, sharing"/><property name="java.vm.version" value="11.0.8+10-post-Ubuntu-0ubuntu120.04"/><property name="java.class.version" value="55.0"/>
    </properties>
                     <testcase classname="GradeSchoolTest" name="empty school" time="0.014">
                                                 
                                               </testcase><testcase classname="GradeSchoolTest" name="add student" time="0.001">
                                                 
                                               </testcase><testcase classname="GradeSchoolTest" name="add more students in same class" time="0.0">
                                                 
                                               </testcase><testcase classname="GradeSchoolTest" name="add students to different grades" time="0.0">
                                                 
                                               </testcase><testcase classname="GradeSchoolTest" name="get students in a grade" time="0.0">
                                                 
                                               </testcase><testcase classname="GradeSchoolTest" name="get students in a non-existent grade" time="0.0">
                                                 
                                               </testcase><testcase classname="GradeSchoolTest" name="sort school" time="0.003">
                                                 
                                               </testcase>
                     <system-out><![CDATA[]]></system-out>
                     <system-err><![CDATA[]]></system-err>
                   </testsuite>